<?xml version="1.0" encoding="UTF-8"?>
<!-- Generated by org.testng.reporters.JUnitXMLReporter -->
<testsuite hostname="ULVMCTMTTL107" name="Scenario(failed)" tests="2" failures="2" timestamp="17 Oct 2019 11:06:40 GMT" time="173.585" errors="0">
  <testcase name="NumberInquiry" time="40.852" classname="Testscript.NumberHosting">
    <failure type="org.openqa.selenium.NoSuchElementException" message="Cannot locate element with text: 10
For documentation on this error, please visit: http://seleniumhq.org/exceptions/no_such_element.html
Build info: version: &amp;apos;3.4.0&amp;apos;, revision: &amp;apos;unknown&amp;apos;, time: &amp;apos;unknown&amp;apos;
System info: host: &amp;apos;ULVMCTMTTL107&amp;apos;, ip: &amp;apos;10.100.19.57&amp;apos;, os.name: &amp;apos;Windows Server 2016&amp;apos;, os.arch: &amp;apos;amd64&amp;apos;, os.version: &amp;apos;10.0&amp;apos;, java.version: &amp;apos;1.8.0_221&amp;apos;
Driver info: driver.version: unknown">
      <![CDATA[org.openqa.selenium.NoSuchElementException: Cannot locate element with text: 10
For documentation on this error, please visit: http://seleniumhq.org/exceptions/no_such_element.html
Build info: version: '3.4.0', revision: 'unknown', time: 'unknown'
System info: host: 'ULVMCTMTTL107', ip: '10.100.19.57', os.name: 'Windows Server 2016', os.arch: 'amd64', os.version: '10.0', java.version: '1.8.0_221'
Driver info: driver.version: unknown
	at org.openqa.selenium.support.ui.Select.selectByVisibleText(Select.java:151)
	at Driver.DriverHelper.Select(DriverHelper.java:824)
	at ScriptHelper.NumberHostingHelper.NumberQuiryUsingNumberStatus(NumberHostingHelper.java:209)
	at ScriptHelper.NumberHostingHelper.Search(NumberHostingHelper.java:60)
	at Testscript.NumberHosting.NumberInquiry(NumberHosting.java:16)
... Removed 24 stack frames]]>
    </failure>
  </testcase> <!-- NumberInquiry -->
  <testcase name="NumberInquiry" time="120.017" classname="Testscript.NumberHosting">
    <failure type="org.openqa.selenium.TimeoutException" message="Expected condition failed: waiting for element to be clickable: By.id: forAll (tried for 60 second(s) with 1000 MILLISECONDS interval)">
      <![CDATA[org.openqa.selenium.TimeoutException: Expected condition failed: waiting for element to be clickable: By.id: forAll (tried for 60 second(s) with 1000 MILLISECONDS interval)
	at org.openqa.selenium.support.ui.FluentWait.timeoutException(FluentWait.java:264)
	at org.openqa.selenium.support.ui.FluentWait.until(FluentWait.java:232)
	at Driver.DriverHelper.WaitforElementtobeclickable(DriverHelper.java:174)
	at ScriptHelper.NumberHostingHelper.NumberQuiryUsingNumberStatus(NumberHostingHelper.java:624)
	at ScriptHelper.NumberHostingHelper.Search(NumberHostingHelper.java:60)
	at Testscript.NumberHosting.NumberInquiry(NumberHosting.java:16)
Caused by: org.openqa.selenium.NoSuchElementException: Cannot locate an element using By.id: forAll
For documentation on this error, please visit: http://seleniumhq.org/exceptions/no_such_element.html
Build info: version: '3.4.0', revision: 'unknown', time: 'unknown'
System info: host: 'ULVMCTMTTL107', ip: '10.100.19.57', os.name: 'Windows Server 2016', os.arch: 'amd64', os.version: '10.0', java.version: '1.8.0_221'
Driver info: driver.version: unknown
	at org.openqa.selenium.support.ui.ExpectedConditions.lambda$findElement$0(ExpectedConditions.java:883)
	at java.util.Optional.orElseThrow(Unknown Source)
	at org.openqa.selenium.support.ui.ExpectedConditions.findElement(ExpectedConditions.java:882)
	at org.openqa.selenium.support.ui.ExpectedConditions.access$000(ExpectedConditions.java:44)
	at org.openqa.selenium.support.ui.ExpectedConditions$7.apply(ExpectedConditions.java:206)
	at org.openqa.selenium.support.ui.ExpectedConditions$7.apply(ExpectedConditions.java:202)
	at org.openqa.selenium.support.ui.ExpectedConditions$22.apply(ExpectedConditions.java:644)
	at org.openqa.selenium.support.ui.ExpectedConditions$22.apply(ExpectedConditions.java:641)
	at org.openqa.selenium.support.ui.FluentWait.until(FluentWait.java:209)
	... 28 more
... Removed 24 stack frames]]>
    </failure>
  </testcase> <!-- NumberInquiry -->
</testsuite> <!-- Scenario(failed) -->
