<?xml version="1.0" encoding="UTF-8"?>
<!-- Generated by org.testng.reporters.JUnitXMLReporter -->
<testsuite hostname="360NDCLP119" name="CPQ End to End Order" tests="1" failures="1" timestamp="18 Jun 2019 03:06:02 GMT" time="680.457" errors="0">
  <testcase name="EndtoEndOrder" time="665.139" classname="Testscript.StandardOrderOnnet">
    <failure type="org.openqa.selenium.TimeoutException" message="Expected condition failed: waiting for element to be clickable: By.xpath: (//span[text()=&amp;apos;Approval&amp;apos;])[1] (tried for 60 second(s) with 1000 MILLISECONDS interval)">
      <![CDATA[org.openqa.selenium.TimeoutException: Expected condition failed: waiting for element to be clickable: By.xpath: (//span[text()='Approval'])[1] (tried for 60 second(s) with 1000 MILLISECONDS interval)
	at org.openqa.selenium.support.ui.FluentWait.timeoutException(FluentWait.java:264)
	at org.openqa.selenium.support.ui.FluentWait.until(FluentWait.java:232)
	at Driver.DriverHelper.WaitforElementtobeclickable(DriverHelper.java:165)
	at ScriptHelper.ConfigurationHelper.ConfigureProduct(ConfigurationHelper.java:1230)
	at ScriptHelper.ConfigurationHelper.AddFamilyProduct(ConfigurationHelper.java:50)
	at ScriptHelper.ConfigurationHelper.AddProduct(ConfigurationHelper.java:1660)
	at Testscript.StandardOrderOnnet.EndtoEndOrder(StandardOrderOnnet.java:23)
Caused by: org.openqa.selenium.NoSuchElementException: Cannot locate an element using By.xpath: (//span[text()='Approval'])[1]
For documentation on this error, please visit: http://seleniumhq.org/exceptions/no_such_element.html
Build info: version: '3.4.0', revision: 'unknown', time: 'unknown'
System info: host: '360NDCLP119', ip: '172.26.44.65', os.name: 'Windows 10', os.arch: 'amd64', os.version: '10.0', java.version: '1.8.0_162'
Driver info: driver.version: unknown
	at org.openqa.selenium.support.ui.ExpectedConditions.lambda$findElement$0(ExpectedConditions.java:883)
	at java.util.Optional.orElseThrow(Optional.java:290)
	at org.openqa.selenium.support.ui.ExpectedConditions.findElement(ExpectedConditions.java:882)
	at org.openqa.selenium.support.ui.ExpectedConditions.access$000(ExpectedConditions.java:44)
	at org.openqa.selenium.support.ui.ExpectedConditions$7.apply(ExpectedConditions.java:206)
	at org.openqa.selenium.support.ui.ExpectedConditions$7.apply(ExpectedConditions.java:202)
	at org.openqa.selenium.support.ui.ExpectedConditions$22.apply(ExpectedConditions.java:644)
	at org.openqa.selenium.support.ui.ExpectedConditions$22.apply(ExpectedConditions.java:641)
	at org.openqa.selenium.support.ui.FluentWait.until(FluentWait.java:209)
	... 29 more
... Removed 24 stack frames]]>
    </failure>
  </testcase> <!-- EndtoEndOrder -->
</testsuite> <!-- CPQ End to End Order -->
