<?xml version="1.0" encoding="UTF-8"?>
<!-- Generated by org.testng.reporters.JUnitXMLReporter -->
<testsuite hostname="ULVMCTMTTL108" failures="23" tests="49" name="Scenario" time="2067.472" errors="0" timestamp="22 Oct 2019 14:26:52 GMT">
  <testcase classname="Testscript.NumberHosting" name="NumberInquiry" time="31.87"/>
  <testcase classname="Testscript.NumberHosting" name="NumberInquiry" time="61.145">
    <failure type="java.lang.AssertionError" message=" &amp;lt;font color=&amp;apos;red&amp;apos;&amp;gt; Either data is incorrect in excel sheet or no Record found in system Application &amp;lt;/font&amp;gt;">
      <![CDATA[java.lang.AssertionError:  <font color='red'> Either data is incorrect in excel sheet or no Record found in system Application </font>
	at Driver.DriverHelper.RedLog(DriverHelper.java:1087)
	at ScriptHelper.NumberHostingHelper.NumberQuiryUsingTransactionID(NumberHostingHelper.java:1093)
	at ScriptHelper.NumberHostingHelper.Search(NumberHostingHelper.java:57)
	at Testscript.NumberHosting.NumberInquiry(NumberHosting.java:16)
... Removed 25 stack frames]]>
    </failure>
  </testcase> <!-- NumberInquiry -->
  <testcase classname="Testscript.NumberHosting" name="NumberInquiry" time="50.972"/>
  <testcase classname="Testscript.NumberHosting" name="NumberInquiry" time="17.888"/>
  <testcase classname="Testscript.NumberHosting" name="NumberInquiry" time="31.018"/>
  <testcase classname="Testscript.NumberHosting" name="NumberInquiry" time="30.784"/>
  <testcase classname="Testscript.NumberHosting" name="NumberInquiry" time="30.964"/>
  <testcase classname="Testscript.NumberHosting" name="NumberInquiry" time="47.938">
    <failure type="java.lang.AssertionError" message=" &amp;lt;font color=&amp;apos;red&amp;apos;&amp;gt; Either data is incorrect in excel sheet or no Record found in system Application &amp;lt;/font&amp;gt;">
      <![CDATA[java.lang.AssertionError:  <font color='red'> Either data is incorrect in excel sheet or no Record found in system Application </font>
	at Driver.DriverHelper.RedLog(DriverHelper.java:1087)
	at ScriptHelper.NumberHostingHelper.StatuQuerybyTransitionId(NumberHostingHelper.java:1383)
	at ScriptHelper.NumberHostingHelper.NumberQuiryUsingCustomerReferance(NumberHostingHelper.java:1191)
	at ScriptHelper.NumberHostingHelper.Search(NumberHostingHelper.java:65)
	at Testscript.NumberHosting.NumberInquiry(NumberHosting.java:16)
... Removed 25 stack frames]]>
    </failure>
  </testcase> <!-- NumberInquiry -->
  <testcase classname="Testscript.NumberHosting" name="NumberInquiry" time="14.76"/>
  <testcase classname="Testscript.NumberHosting" name="NumberInquiry" time="12.822"/>
  <testcase classname="Testscript.NumberHosting" name="NumberInquiry" time="14.417"/>
  <testcase classname="Testscript.NumberHosting" name="NumberInquiry" time="14.227"/>
  <testcase classname="Testscript.NumberHosting" name="NumberInquiry" time="34.099"/>
  <testcase classname="Testscript.NumberHosting" name="NumberInquiry" time="14.586"/>
  <testcase classname="Testscript.NumberHosting" name="NumberInquiry" time="31.362">
    <failure type="java.lang.AssertionError" message=" &amp;lt;font color=&amp;apos;red&amp;apos;&amp;gt; Either data is incorrect in excel sheet or no Record found in system Application &amp;lt;/font&amp;gt;">
      <![CDATA[java.lang.AssertionError:  <font color='red'> Either data is incorrect in excel sheet or no Record found in system Application </font>
	at Driver.DriverHelper.RedLog(DriverHelper.java:1087)
	at ScriptHelper.NumberHostingHelper.NumberQuiryUsingNumberStatus(NumberHostingHelper.java:935)
	at ScriptHelper.NumberHostingHelper.Search(NumberHostingHelper.java:70)
	at Testscript.NumberHosting.NumberInquiry(NumberHosting.java:16)
... Removed 25 stack frames]]>
    </failure>
  </testcase> <!-- NumberInquiry -->
  <testcase classname="Testscript.NumberHosting" name="NumberInquiry" time="107.906">
    <failure type="java.lang.AssertionError" message=" &amp;lt;font color=&amp;apos;red&amp;apos;&amp;gt; Either data is incorrect in excel sheet or no Record found in system Application &amp;lt;/font&amp;gt;">
      <![CDATA[java.lang.AssertionError:  <font color='red'> Either data is incorrect in excel sheet or no Record found in system Application </font>
	at Driver.DriverHelper.RedLog(DriverHelper.java:1087)
	at ScriptHelper.NumberHostingHelper.StatuQuerybyTransitionId(NumberHostingHelper.java:1383)
	at ScriptHelper.NumberHostingHelper.NumberQuiryUsingNumberStatus(NumberHostingHelper.java:962)
	at ScriptHelper.NumberHostingHelper.Search(NumberHostingHelper.java:70)
	at Testscript.NumberHosting.NumberInquiry(NumberHosting.java:16)
... Removed 25 stack frames]]>
    </failure>
  </testcase> <!-- NumberInquiry -->
  <testcase classname="Testscript.NumberHosting" name="NumberInquiry" time="10.633"/>
  <testcase classname="Testscript.NumberHosting" name="NumberInquiry" time="14.419"/>
  <testcase classname="Testscript.NumberHosting" name="NumberInquiry" time="14.478"/>
  <testcase classname="Testscript.NumberHosting" name="NumberInquiry" time="34.563">
    <failure type="java.lang.AssertionError" message=" &amp;lt;font color=&amp;apos;red&amp;apos;&amp;gt; Either data is incorrect in excel sheet or no Record found in system Application &amp;lt;/font&amp;gt;">
      <![CDATA[java.lang.AssertionError:  <font color='red'> Either data is incorrect in excel sheet or no Record found in system Application </font>
	at Driver.DriverHelper.RedLog(DriverHelper.java:1087)
	at ScriptHelper.NumberHostingHelper.NumberQuiryUsingNumberStatus(NumberHostingHelper.java:628)
	at ScriptHelper.NumberHostingHelper.Search(NumberHostingHelper.java:70)
	at Testscript.NumberHosting.NumberInquiry(NumberHosting.java:16)
... Removed 24 stack frames]]>
    </failure>
  </testcase> <!-- NumberInquiry -->
  <testcase classname="Testscript.NumberHosting" name="NumberInquiry" time="24.549">
    <failure type="java.lang.AssertionError" message=" &amp;lt;font color=&amp;apos;red&amp;apos;&amp;gt; Either data is incorrect in excel sheet or no Record found in system Application &amp;lt;/font&amp;gt;">
      <![CDATA[java.lang.AssertionError:  <font color='red'> Either data is incorrect in excel sheet or no Record found in system Application </font>
	at Driver.DriverHelper.RedLog(DriverHelper.java:1087)
	at ScriptHelper.NumberHostingHelper.NumberQuiryUsingNumberStatus(NumberHostingHelper.java:628)
	at ScriptHelper.NumberHostingHelper.Search(NumberHostingHelper.java:70)
	at Testscript.NumberHosting.NumberInquiry(NumberHosting.java:16)
... Removed 24 stack frames]]>
    </failure>
  </testcase> <!-- NumberInquiry -->
  <testcase classname="Testscript.NumberHosting" name="NumberInquiry" time="18.537">
    <failure type="java.lang.AssertionError" message=" &amp;lt;font color=&amp;apos;red&amp;apos;&amp;gt; Either data is incorrect in excel sheet or no Record found in system Application &amp;lt;/font&amp;gt;">
      <![CDATA[java.lang.AssertionError:  <font color='red'> Either data is incorrect in excel sheet or no Record found in system Application </font>
	at Driver.DriverHelper.RedLog(DriverHelper.java:1087)
	at ScriptHelper.NumberHostingHelper.NumberQuiryUsingNumberStatus(NumberHostingHelper.java:628)
	at ScriptHelper.NumberHostingHelper.Search(NumberHostingHelper.java:70)
	at Testscript.NumberHosting.NumberInquiry(NumberHosting.java:16)
... Removed 24 stack frames]]>
    </failure>
  </testcase> <!-- NumberInquiry -->
  <testcase classname="Testscript.NumberHosting" name="NumberInquiry" time="15.896"/>
  <testcase classname="Testscript.NumberHosting" name="NumberInquiry" time="14.891"/>
  <testcase classname="Testscript.NumberHosting" name="NumberInquiry" time="36.772">
    <failure type="java.lang.AssertionError" message=" &amp;lt;font color=&amp;apos;red&amp;apos;&amp;gt; Either data is incorrect in excel sheet or no Record found in system Application &amp;lt;/font&amp;gt;">
      <![CDATA[java.lang.AssertionError:  <font color='red'> Either data is incorrect in excel sheet or no Record found in system Application </font>
	at Driver.DriverHelper.RedLog(DriverHelper.java:1087)
	at ScriptHelper.NumberHostingHelper.StatuQuerybyTransitionId(NumberHostingHelper.java:1359)
	at ScriptHelper.NumberHostingHelper.NumberQuiryUsingNumberStatus(NumberHostingHelper.java:815)
	at ScriptHelper.NumberHostingHelper.Search(NumberHostingHelper.java:70)
	at Testscript.NumberHosting.NumberInquiry(NumberHosting.java:16)
... Removed 24 stack frames]]>
    </failure>
  </testcase> <!-- NumberInquiry -->
  <testcase classname="Testscript.NumberHosting" name="NumberInquiry" time="85.805">
    <failure type="org.openqa.selenium.StaleElementReferenceException" message="stale element reference: element is not attached to the page document
  (Session info: chrome=77.0.3865.120)
  (Driver info: chromedriver=2.40.565498 (ea082db3280dd6843ebfb08a625e3eb905c4f5ab),platform=Windows NT 10.0.14393 x86_64) (WARNING: The server did not provide any stacktrace information)
Command duration or timeout: 16 milliseconds
For documentation on this error, please visit: http://seleniumhq.org/exceptions/stale_element_reference.html
Build info: version: &amp;apos;3.4.0&amp;apos;, revision: &amp;apos;unknown&amp;apos;, time: &amp;apos;unknown&amp;apos;
System info: host: &amp;apos;ULVMCTMTTL108&amp;apos;, ip: &amp;apos;10.100.19.58&amp;apos;, os.name: &amp;apos;Windows Server 2016&amp;apos;, os.arch: &amp;apos;amd64&amp;apos;, os.version: &amp;apos;10.0&amp;apos;, java.version: &amp;apos;12.0.2&amp;apos;
Driver info: org.openqa.selenium.chrome.ChromeDriver
Capabilities [{applicationCacheEnabled=false, rotatable=false, mobileEmulationEnabled=false, networkConnectionEnabled=false, chrome={chromedriverVersion=2.40.565498 (ea082db3280dd6843ebfb08a625e3eb905c4f5ab), userDataDir=C:\Users\RGUPTA~1\AppData\Local\Temp\5\scoped_dir8604_11341}, takesHeapSnapshot=true, pageLoadStrategy=none, databaseEnabled=false, handlesAlerts=true, hasTouchScreen=false, version=77.0.3865.120, platform=XP, browserConnectionEnabled=false, nativeEvents=true, acceptSslCerts=false, acceptInsecureCerts=false, locationContextEnabled=true, webStorageEnabled=true, browserName=chrome, takesScreenshot=true, javascriptEnabled=true, cssSelectorsEnabled=true, setWindowRect=true, unexpectedAlertBehaviour=}]
Session ID: 6f4f08acfddd07f9e60af24d7e413c1b">
      <![CDATA[org.openqa.selenium.StaleElementReferenceException: stale element reference: element is not attached to the page document
  (Session info: chrome=77.0.3865.120)
  (Driver info: chromedriver=2.40.565498 (ea082db3280dd6843ebfb08a625e3eb905c4f5ab),platform=Windows NT 10.0.14393 x86_64) (WARNING: The server did not provide any stacktrace information)
Command duration or timeout: 16 milliseconds
For documentation on this error, please visit: http://seleniumhq.org/exceptions/stale_element_reference.html
Build info: version: '3.4.0', revision: 'unknown', time: 'unknown'
System info: host: 'ULVMCTMTTL108', ip: '10.100.19.58', os.name: 'Windows Server 2016', os.arch: 'amd64', os.version: '10.0', java.version: '12.0.2'
Driver info: org.openqa.selenium.chrome.ChromeDriver
Capabilities [{applicationCacheEnabled=false, rotatable=false, mobileEmulationEnabled=false, networkConnectionEnabled=false, chrome={chromedriverVersion=2.40.565498 (ea082db3280dd6843ebfb08a625e3eb905c4f5ab), userDataDir=C:\Users\RGUPTA~1\AppData\Local\Temp\5\scoped_dir8604_11341}, takesHeapSnapshot=true, pageLoadStrategy=none, databaseEnabled=false, handlesAlerts=true, hasTouchScreen=false, version=77.0.3865.120, platform=XP, browserConnectionEnabled=false, nativeEvents=true, acceptSslCerts=false, acceptInsecureCerts=false, locationContextEnabled=true, webStorageEnabled=true, browserName=chrome, takesScreenshot=true, javascriptEnabled=true, cssSelectorsEnabled=true, setWindowRect=true, unexpectedAlertBehaviour=}]
Session ID: 6f4f08acfddd07f9e60af24d7e413c1b
	at org.openqa.selenium.remote.ErrorHandler.createThrowable(ErrorHandler.java:215)
	at org.openqa.selenium.remote.ErrorHandler.throwIfResponseFailed(ErrorHandler.java:167)
	at org.openqa.selenium.remote.RemoteWebDriver.execute(RemoteWebDriver.java:671)
	at org.openqa.selenium.remote.RemoteWebElement.execute(RemoteWebElement.java:272)
	at org.openqa.selenium.remote.RemoteWebElement.getText(RemoteWebElement.java:156)
	at Driver.DriverHelper.Gettext(DriverHelper.java:818)
	at ScriptHelper.NumberHostingHelper.NumberQuiryUsingNumberStatus(NumberHostingHelper.java:860)
	at ScriptHelper.NumberHostingHelper.Search(NumberHostingHelper.java:70)
	at Testscript.NumberHosting.NumberInquiry(NumberHosting.java:16)
... Removed 28 stack frames]]>
    </failure>
  </testcase> <!-- NumberInquiry -->
  <testcase classname="Testscript.NumberHosting" name="NumberInquiry" time="12.605"/>
  <testcase classname="Testscript.NumberHosting" name="NumberInquiry" time="110.297">
    <failure type="java.lang.AssertionError" message=" &amp;lt;font color=&amp;apos;red&amp;apos;&amp;gt; Either data is incorrect in excel sheet or no Record found in system Application &amp;lt;/font&amp;gt;">
      <![CDATA[java.lang.AssertionError:  <font color='red'> Either data is incorrect in excel sheet or no Record found in system Application </font>
	at Driver.DriverHelper.RedLog(DriverHelper.java:1087)
	at ScriptHelper.NumberHostingHelper.StatuQuerybyTransitionId(NumberHostingHelper.java:1383)
	at ScriptHelper.NumberHostingHelper.NumberQuiryUsingNumberStatus(NumberHostingHelper.java:962)
	at ScriptHelper.NumberHostingHelper.Search(NumberHostingHelper.java:70)
	at Testscript.NumberHosting.NumberInquiry(NumberHosting.java:16)
... Removed 24 stack frames]]>
    </failure>
  </testcase> <!-- NumberInquiry -->
  <testcase classname="Testscript.NumberHosting" name="NumberInquiry" time="18.377"/>
  <testcase classname="Testscript.NumberHosting" name="NumberInquiry" time="19.166">
    <failure type="java.lang.AssertionError" message=" &amp;lt;font color=&amp;apos;red&amp;apos;&amp;gt; Either data is incorrect in excel sheet or no Record found in system Application &amp;lt;/font&amp;gt;">
      <![CDATA[java.lang.AssertionError:  <font color='red'> Either data is incorrect in excel sheet or no Record found in system Application </font>
	at Driver.DriverHelper.RedLog(DriverHelper.java:1087)
	at ScriptHelper.NumberHostingHelper.NumberQuiryUsingNumberStatus(NumberHostingHelper.java:628)
	at ScriptHelper.NumberHostingHelper.Search(NumberHostingHelper.java:70)
	at Testscript.NumberHosting.NumberInquiry(NumberHosting.java:16)
... Removed 24 stack frames]]>
    </failure>
  </testcase> <!-- NumberInquiry -->
  <testcase classname="Testscript.NumberHosting" name="NumberInquiry" time="84.356">
    <failure type="org.openqa.selenium.StaleElementReferenceException" message="stale element reference: element is not attached to the page document
  (Session info: chrome=77.0.3865.120)
  (Driver info: chromedriver=2.40.565498 (ea082db3280dd6843ebfb08a625e3eb905c4f5ab),platform=Windows NT 10.0.14393 x86_64) (WARNING: The server did not provide any stacktrace information)
Command duration or timeout: 15 milliseconds
For documentation on this error, please visit: http://seleniumhq.org/exceptions/stale_element_reference.html
Build info: version: &amp;apos;3.4.0&amp;apos;, revision: &amp;apos;unknown&amp;apos;, time: &amp;apos;unknown&amp;apos;
System info: host: &amp;apos;ULVMCTMTTL108&amp;apos;, ip: &amp;apos;10.100.19.58&amp;apos;, os.name: &amp;apos;Windows Server 2016&amp;apos;, os.arch: &amp;apos;amd64&amp;apos;, os.version: &amp;apos;10.0&amp;apos;, java.version: &amp;apos;12.0.2&amp;apos;
Driver info: org.openqa.selenium.chrome.ChromeDriver
Capabilities [{applicationCacheEnabled=false, rotatable=false, mobileEmulationEnabled=false, networkConnectionEnabled=false, chrome={chromedriverVersion=2.40.565498 (ea082db3280dd6843ebfb08a625e3eb905c4f5ab), userDataDir=C:\Users\RGUPTA~1\AppData\Local\Temp\5\scoped_dir12716_1372}, takesHeapSnapshot=true, pageLoadStrategy=none, databaseEnabled=false, handlesAlerts=true, hasTouchScreen=false, version=77.0.3865.120, platform=XP, browserConnectionEnabled=false, nativeEvents=true, acceptSslCerts=false, acceptInsecureCerts=false, locationContextEnabled=true, webStorageEnabled=true, browserName=chrome, takesScreenshot=true, javascriptEnabled=true, cssSelectorsEnabled=true, setWindowRect=true, unexpectedAlertBehaviour=}]
Session ID: e5d426ce9e85c28dbdb441fe7b1f0705">
      <![CDATA[org.openqa.selenium.StaleElementReferenceException: stale element reference: element is not attached to the page document
  (Session info: chrome=77.0.3865.120)
  (Driver info: chromedriver=2.40.565498 (ea082db3280dd6843ebfb08a625e3eb905c4f5ab),platform=Windows NT 10.0.14393 x86_64) (WARNING: The server did not provide any stacktrace information)
Command duration or timeout: 15 milliseconds
For documentation on this error, please visit: http://seleniumhq.org/exceptions/stale_element_reference.html
Build info: version: '3.4.0', revision: 'unknown', time: 'unknown'
System info: host: 'ULVMCTMTTL108', ip: '10.100.19.58', os.name: 'Windows Server 2016', os.arch: 'amd64', os.version: '10.0', java.version: '12.0.2'
Driver info: org.openqa.selenium.chrome.ChromeDriver
Capabilities [{applicationCacheEnabled=false, rotatable=false, mobileEmulationEnabled=false, networkConnectionEnabled=false, chrome={chromedriverVersion=2.40.565498 (ea082db3280dd6843ebfb08a625e3eb905c4f5ab), userDataDir=C:\Users\RGUPTA~1\AppData\Local\Temp\5\scoped_dir12716_1372}, takesHeapSnapshot=true, pageLoadStrategy=none, databaseEnabled=false, handlesAlerts=true, hasTouchScreen=false, version=77.0.3865.120, platform=XP, browserConnectionEnabled=false, nativeEvents=true, acceptSslCerts=false, acceptInsecureCerts=false, locationContextEnabled=true, webStorageEnabled=true, browserName=chrome, takesScreenshot=true, javascriptEnabled=true, cssSelectorsEnabled=true, setWindowRect=true, unexpectedAlertBehaviour=}]
Session ID: e5d426ce9e85c28dbdb441fe7b1f0705
	at org.openqa.selenium.remote.ErrorHandler.createThrowable(ErrorHandler.java:215)
	at org.openqa.selenium.remote.ErrorHandler.throwIfResponseFailed(ErrorHandler.java:167)
	at org.openqa.selenium.remote.RemoteWebDriver.execute(RemoteWebDriver.java:671)
	at org.openqa.selenium.remote.RemoteWebElement.execute(RemoteWebElement.java:272)
	at org.openqa.selenium.remote.RemoteWebElement.getText(RemoteWebElement.java:156)
	at Driver.DriverHelper.Gettext(DriverHelper.java:818)
	at ScriptHelper.NumberHostingHelper.NumberQuiryUsingNumberStatus(NumberHostingHelper.java:860)
	at ScriptHelper.NumberHostingHelper.Search(NumberHostingHelper.java:70)
	at Testscript.NumberHosting.NumberInquiry(NumberHosting.java:16)
... Removed 28 stack frames]]>
    </failure>
  </testcase> <!-- NumberInquiry -->
  <testcase classname="Testscript.NumberHosting" name="NumberInquiry" time="37.866">
    <failure type="org.openqa.selenium.NoSuchElementException" message="no such element: Unable to locate element: {&amp;quot;method&amp;quot;:&amp;quot;xpath&amp;quot;,&amp;quot;selector&amp;quot;:&amp;quot;//h1[contains(text(),&amp;apos;Number Enquiry - Search Result&amp;apos;)]/../../..//td/a[contains(text(),&amp;apos;Transactionid&amp;apos;)]/../..//td/select&amp;quot;}
  (Session info: chrome=77.0.3865.120)
  (Driver info: chromedriver=2.40.565498 (ea082db3280dd6843ebfb08a625e3eb905c4f5ab),platform=Windows NT 10.0.14393 x86_64) (WARNING: The server did not provide any stacktrace information)
Command duration or timeout: 20.08 seconds
For documentation on this error, please visit: http://seleniumhq.org/exceptions/no_such_element.html
Build info: version: &amp;apos;3.4.0&amp;apos;, revision: &amp;apos;unknown&amp;apos;, time: &amp;apos;unknown&amp;apos;
System info: host: &amp;apos;ULVMCTMTTL108&amp;apos;, ip: &amp;apos;10.100.19.58&amp;apos;, os.name: &amp;apos;Windows Server 2016&amp;apos;, os.arch: &amp;apos;amd64&amp;apos;, os.version: &amp;apos;10.0&amp;apos;, java.version: &amp;apos;12.0.2&amp;apos;
Driver info: org.openqa.selenium.chrome.ChromeDriver
Capabilities [{applicationCacheEnabled=false, rotatable=false, mobileEmulationEnabled=false, networkConnectionEnabled=false, chrome={chromedriverVersion=2.40.565498 (ea082db3280dd6843ebfb08a625e3eb905c4f5ab), userDataDir=C:\Users\RGUPTA~1\AppData\Local\Temp\5\scoped_dir15480_374}, takesHeapSnapshot=true, pageLoadStrategy=none, databaseEnabled=false, handlesAlerts=true, hasTouchScreen=false, version=77.0.3865.120, platform=XP, browserConnectionEnabled=false, nativeEvents=true, acceptSslCerts=false, acceptInsecureCerts=false, locationContextEnabled=true, webStorageEnabled=true, browserName=chrome, takesScreenshot=true, javascriptEnabled=true, cssSelectorsEnabled=true, setWindowRect=true, unexpectedAlertBehaviour=}]
Session ID: d41b777ebe9c7be740a0ad1ee349c32d
*** Element info: {Using=xpath, value=//h1[contains(text(),&amp;apos;Number Enquiry - Search Result&amp;apos;)]/../../..//td/a[contains(text(),&amp;apos;Transactionid&amp;apos;)]/../..//td/select}">
      <![CDATA[org.openqa.selenium.NoSuchElementException: no such element: Unable to locate element: {"method":"xpath","selector":"//h1[contains(text(),'Number Enquiry - Search Result')]/../../..//td/a[contains(text(),'Transactionid')]/../..//td/select"}
  (Session info: chrome=77.0.3865.120)
  (Driver info: chromedriver=2.40.565498 (ea082db3280dd6843ebfb08a625e3eb905c4f5ab),platform=Windows NT 10.0.14393 x86_64) (WARNING: The server did not provide any stacktrace information)
Command duration or timeout: 20.08 seconds
For documentation on this error, please visit: http://seleniumhq.org/exceptions/no_such_element.html
Build info: version: '3.4.0', revision: 'unknown', time: 'unknown'
System info: host: 'ULVMCTMTTL108', ip: '10.100.19.58', os.name: 'Windows Server 2016', os.arch: 'amd64', os.version: '10.0', java.version: '12.0.2'
Driver info: org.openqa.selenium.chrome.ChromeDriver
Capabilities [{applicationCacheEnabled=false, rotatable=false, mobileEmulationEnabled=false, networkConnectionEnabled=false, chrome={chromedriverVersion=2.40.565498 (ea082db3280dd6843ebfb08a625e3eb905c4f5ab), userDataDir=C:\Users\RGUPTA~1\AppData\Local\Temp\5\scoped_dir15480_374}, takesHeapSnapshot=true, pageLoadStrategy=none, databaseEnabled=false, handlesAlerts=true, hasTouchScreen=false, version=77.0.3865.120, platform=XP, browserConnectionEnabled=false, nativeEvents=true, acceptSslCerts=false, acceptInsecureCerts=false, locationContextEnabled=true, webStorageEnabled=true, browserName=chrome, takesScreenshot=true, javascriptEnabled=true, cssSelectorsEnabled=true, setWindowRect=true, unexpectedAlertBehaviour=}]
Session ID: d41b777ebe9c7be740a0ad1ee349c32d
*** Element info: {Using=xpath, value=//h1[contains(text(),'Number Enquiry - Search Result')]/../../..//td/a[contains(text(),'Transactionid')]/../..//td/select}
	at org.openqa.selenium.remote.ErrorHandler.createThrowable(ErrorHandler.java:215)
	at org.openqa.selenium.remote.ErrorHandler.throwIfResponseFailed(ErrorHandler.java:167)
	at org.openqa.selenium.remote.RemoteWebDriver.execute(RemoteWebDriver.java:671)
	at org.openqa.selenium.remote.RemoteWebDriver.findElement(RemoteWebDriver.java:410)
	at org.openqa.selenium.remote.RemoteWebDriver.findElementByXPath(RemoteWebDriver.java:509)
	at org.openqa.selenium.By$ByXPath.findElement(By.java:361)
	at org.openqa.selenium.remote.RemoteWebDriver.findElement(RemoteWebDriver.java:402)
	at Driver.DriverHelper.waitandForElementDisplayed(DriverHelper.java:646)
	at ScriptHelper.NumberHostingHelper.ActivateStatus(NumberHostingHelper.java:1226)
	at ScriptHelper.NumberHostingHelper.NumberQuiryUsingNumberStatus(NumberHostingHelper.java:119)
	at ScriptHelper.NumberHostingHelper.Search(NumberHostingHelper.java:70)
	at Testscript.NumberHosting.NumberInquiry(NumberHosting.java:16)
... Removed 27 stack frames]]>
    </failure>
  </testcase> <!-- NumberInquiry -->
  <testcase classname="Testscript.NumberHosting" name="NumberInquiry" time="38.902"/>
  <testcase classname="Testscript.NumberHosting" name="NumberInquiry" time="17.645">
    <failure type="java.lang.AssertionError" message=" &amp;lt;font color=&amp;apos;red&amp;apos;&amp;gt; Either data is incorrect in excel sheet or no Record found in system Application &amp;lt;/font&amp;gt;">
      <![CDATA[java.lang.AssertionError:  <font color='red'> Either data is incorrect in excel sheet or no Record found in system Application </font>
	at Driver.DriverHelper.RedLog(DriverHelper.java:1087)
	at ScriptHelper.NumberHostingHelper.NumberQuiryUsingNumberStatus(NumberHostingHelper.java:628)
	at ScriptHelper.NumberHostingHelper.Search(NumberHostingHelper.java:70)
	at Testscript.NumberHosting.NumberInquiry(NumberHosting.java:16)
... Removed 24 stack frames]]>
    </failure>
  </testcase> <!-- NumberInquiry -->
  <testcase classname="Testscript.NumberHosting" name="NumberInquiry" time="24.262"/>
  <testcase classname="Testscript.NumberHosting" name="NumberInquiry" time="83.727">
    <failure type="org.openqa.selenium.StaleElementReferenceException" message="stale element reference: element is not attached to the page document
  (Session info: chrome=77.0.3865.120)
  (Driver info: chromedriver=2.40.565498 (ea082db3280dd6843ebfb08a625e3eb905c4f5ab),platform=Windows NT 10.0.14393 x86_64) (WARNING: The server did not provide any stacktrace information)
Command duration or timeout: 16 milliseconds
For documentation on this error, please visit: http://seleniumhq.org/exceptions/stale_element_reference.html
Build info: version: &amp;apos;3.4.0&amp;apos;, revision: &amp;apos;unknown&amp;apos;, time: &amp;apos;unknown&amp;apos;
System info: host: &amp;apos;ULVMCTMTTL108&amp;apos;, ip: &amp;apos;10.100.19.58&amp;apos;, os.name: &amp;apos;Windows Server 2016&amp;apos;, os.arch: &amp;apos;amd64&amp;apos;, os.version: &amp;apos;10.0&amp;apos;, java.version: &amp;apos;12.0.2&amp;apos;
Driver info: org.openqa.selenium.chrome.ChromeDriver
Capabilities [{applicationCacheEnabled=false, rotatable=false, mobileEmulationEnabled=false, networkConnectionEnabled=false, chrome={chromedriverVersion=2.40.565498 (ea082db3280dd6843ebfb08a625e3eb905c4f5ab), userDataDir=C:\Users\RGUPTA~1\AppData\Local\Temp\5\scoped_dir9028_6516}, takesHeapSnapshot=true, pageLoadStrategy=none, databaseEnabled=false, handlesAlerts=true, hasTouchScreen=false, version=77.0.3865.120, platform=XP, browserConnectionEnabled=false, nativeEvents=true, acceptSslCerts=false, acceptInsecureCerts=false, locationContextEnabled=true, webStorageEnabled=true, browserName=chrome, takesScreenshot=true, javascriptEnabled=true, cssSelectorsEnabled=true, setWindowRect=true, unexpectedAlertBehaviour=}]
Session ID: 3d81b369377bb625de18da5a1524f306">
      <![CDATA[org.openqa.selenium.StaleElementReferenceException: stale element reference: element is not attached to the page document
  (Session info: chrome=77.0.3865.120)
  (Driver info: chromedriver=2.40.565498 (ea082db3280dd6843ebfb08a625e3eb905c4f5ab),platform=Windows NT 10.0.14393 x86_64) (WARNING: The server did not provide any stacktrace information)
Command duration or timeout: 16 milliseconds
For documentation on this error, please visit: http://seleniumhq.org/exceptions/stale_element_reference.html
Build info: version: '3.4.0', revision: 'unknown', time: 'unknown'
System info: host: 'ULVMCTMTTL108', ip: '10.100.19.58', os.name: 'Windows Server 2016', os.arch: 'amd64', os.version: '10.0', java.version: '12.0.2'
Driver info: org.openqa.selenium.chrome.ChromeDriver
Capabilities [{applicationCacheEnabled=false, rotatable=false, mobileEmulationEnabled=false, networkConnectionEnabled=false, chrome={chromedriverVersion=2.40.565498 (ea082db3280dd6843ebfb08a625e3eb905c4f5ab), userDataDir=C:\Users\RGUPTA~1\AppData\Local\Temp\5\scoped_dir9028_6516}, takesHeapSnapshot=true, pageLoadStrategy=none, databaseEnabled=false, handlesAlerts=true, hasTouchScreen=false, version=77.0.3865.120, platform=XP, browserConnectionEnabled=false, nativeEvents=true, acceptSslCerts=false, acceptInsecureCerts=false, locationContextEnabled=true, webStorageEnabled=true, browserName=chrome, takesScreenshot=true, javascriptEnabled=true, cssSelectorsEnabled=true, setWindowRect=true, unexpectedAlertBehaviour=}]
Session ID: 3d81b369377bb625de18da5a1524f306
	at org.openqa.selenium.remote.ErrorHandler.createThrowable(ErrorHandler.java:215)
	at org.openqa.selenium.remote.ErrorHandler.throwIfResponseFailed(ErrorHandler.java:167)
	at org.openqa.selenium.remote.RemoteWebDriver.execute(RemoteWebDriver.java:671)
	at org.openqa.selenium.remote.RemoteWebElement.execute(RemoteWebElement.java:272)
	at org.openqa.selenium.remote.RemoteWebElement.getText(RemoteWebElement.java:156)
	at Driver.DriverHelper.Gettext(DriverHelper.java:818)
	at ScriptHelper.NumberHostingHelper.NumberQuiryUsingNumberStatus(NumberHostingHelper.java:860)
	at ScriptHelper.NumberHostingHelper.Search(NumberHostingHelper.java:70)
	at Testscript.NumberHosting.NumberInquiry(NumberHosting.java:16)
... Removed 28 stack frames]]>
    </failure>
  </testcase> <!-- NumberInquiry -->
  <testcase classname="Testscript.NumberHosting" name="NumberInquiry" time="90.971">
    <failure type="org.openqa.selenium.StaleElementReferenceException" message="stale element reference: element is not attached to the page document
  (Session info: chrome=77.0.3865.120)
  (Driver info: chromedriver=2.40.565498 (ea082db3280dd6843ebfb08a625e3eb905c4f5ab),platform=Windows NT 10.0.14393 x86_64) (WARNING: The server did not provide any stacktrace information)
Command duration or timeout: 16 milliseconds
For documentation on this error, please visit: http://seleniumhq.org/exceptions/stale_element_reference.html
Build info: version: &amp;apos;3.4.0&amp;apos;, revision: &amp;apos;unknown&amp;apos;, time: &amp;apos;unknown&amp;apos;
System info: host: &amp;apos;ULVMCTMTTL108&amp;apos;, ip: &amp;apos;10.100.19.58&amp;apos;, os.name: &amp;apos;Windows Server 2016&amp;apos;, os.arch: &amp;apos;amd64&amp;apos;, os.version: &amp;apos;10.0&amp;apos;, java.version: &amp;apos;12.0.2&amp;apos;
Driver info: org.openqa.selenium.chrome.ChromeDriver
Capabilities [{applicationCacheEnabled=false, rotatable=false, mobileEmulationEnabled=false, networkConnectionEnabled=false, chrome={chromedriverVersion=2.40.565498 (ea082db3280dd6843ebfb08a625e3eb905c4f5ab), userDataDir=C:\Users\RGUPTA~1\AppData\Local\Temp\5\scoped_dir5640_14247}, takesHeapSnapshot=true, pageLoadStrategy=none, databaseEnabled=false, handlesAlerts=true, hasTouchScreen=false, version=77.0.3865.120, platform=XP, browserConnectionEnabled=false, nativeEvents=true, acceptSslCerts=false, acceptInsecureCerts=false, locationContextEnabled=true, webStorageEnabled=true, browserName=chrome, takesScreenshot=true, javascriptEnabled=true, cssSelectorsEnabled=true, setWindowRect=true, unexpectedAlertBehaviour=}]
Session ID: c0fc0b03b04e898320902f0e9eecffb3">
      <![CDATA[org.openqa.selenium.StaleElementReferenceException: stale element reference: element is not attached to the page document
  (Session info: chrome=77.0.3865.120)
  (Driver info: chromedriver=2.40.565498 (ea082db3280dd6843ebfb08a625e3eb905c4f5ab),platform=Windows NT 10.0.14393 x86_64) (WARNING: The server did not provide any stacktrace information)
Command duration or timeout: 16 milliseconds
For documentation on this error, please visit: http://seleniumhq.org/exceptions/stale_element_reference.html
Build info: version: '3.4.0', revision: 'unknown', time: 'unknown'
System info: host: 'ULVMCTMTTL108', ip: '10.100.19.58', os.name: 'Windows Server 2016', os.arch: 'amd64', os.version: '10.0', java.version: '12.0.2'
Driver info: org.openqa.selenium.chrome.ChromeDriver
Capabilities [{applicationCacheEnabled=false, rotatable=false, mobileEmulationEnabled=false, networkConnectionEnabled=false, chrome={chromedriverVersion=2.40.565498 (ea082db3280dd6843ebfb08a625e3eb905c4f5ab), userDataDir=C:\Users\RGUPTA~1\AppData\Local\Temp\5\scoped_dir5640_14247}, takesHeapSnapshot=true, pageLoadStrategy=none, databaseEnabled=false, handlesAlerts=true, hasTouchScreen=false, version=77.0.3865.120, platform=XP, browserConnectionEnabled=false, nativeEvents=true, acceptSslCerts=false, acceptInsecureCerts=false, locationContextEnabled=true, webStorageEnabled=true, browserName=chrome, takesScreenshot=true, javascriptEnabled=true, cssSelectorsEnabled=true, setWindowRect=true, unexpectedAlertBehaviour=}]
Session ID: c0fc0b03b04e898320902f0e9eecffb3
	at org.openqa.selenium.remote.ErrorHandler.createThrowable(ErrorHandler.java:215)
	at org.openqa.selenium.remote.ErrorHandler.throwIfResponseFailed(ErrorHandler.java:167)
	at org.openqa.selenium.remote.RemoteWebDriver.execute(RemoteWebDriver.java:671)
	at org.openqa.selenium.remote.RemoteWebElement.execute(RemoteWebElement.java:272)
	at org.openqa.selenium.remote.RemoteWebElement.getText(RemoteWebElement.java:156)
	at Driver.DriverHelper.Gettext(DriverHelper.java:818)
	at ScriptHelper.NumberHostingHelper.NumberQuiryUsingNumberStatus(NumberHostingHelper.java:674)
	at ScriptHelper.NumberHostingHelper.Search(NumberHostingHelper.java:70)
	at Testscript.NumberHosting.NumberInquiry(NumberHosting.java:16)
... Removed 28 stack frames]]>
    </failure>
  </testcase> <!-- NumberInquiry -->
  <testcase classname="Testscript.NumberHosting" name="NumberInquiry" time="39.604"/>
  <testcase classname="Testscript.NumberHosting" name="NumberInquiry" time="38.007"/>
  <testcase classname="Testscript.NumberHosting" name="NumberInquiry" time="39.45"/>
  <testcase classname="Testscript.NumberHosting" name="NumberInquiry" time="18.599">
    <failure type="java.lang.AssertionError" message=" &amp;lt;font color=&amp;apos;red&amp;apos;&amp;gt; Either data is incorrect in excel sheet or no Record found in system Application &amp;lt;/font&amp;gt;">
      <![CDATA[java.lang.AssertionError:  <font color='red'> Either data is incorrect in excel sheet or no Record found in system Application </font>
	at Driver.DriverHelper.RedLog(DriverHelper.java:1087)
	at ScriptHelper.NumberHostingHelper.NumberQuiryUsingNumberStatus(NumberHostingHelper.java:628)
	at ScriptHelper.NumberHostingHelper.Search(NumberHostingHelper.java:70)
	at Testscript.NumberHosting.NumberInquiry(NumberHosting.java:16)
... Removed 24 stack frames]]>
    </failure>
  </testcase> <!-- NumberInquiry -->
  <testcase classname="Testscript.NumberHosting" name="NumberInquiry" time="17.884">
    <failure type="java.lang.AssertionError" message=" &amp;lt;font color=&amp;apos;red&amp;apos;&amp;gt; Either data is incorrect in excel sheet or no Record found in system Application &amp;lt;/font&amp;gt;">
      <![CDATA[java.lang.AssertionError:  <font color='red'> Either data is incorrect in excel sheet or no Record found in system Application </font>
	at Driver.DriverHelper.RedLog(DriverHelper.java:1087)
	at ScriptHelper.NumberHostingHelper.NumberQuiryUsingNumberStatus(NumberHostingHelper.java:628)
	at ScriptHelper.NumberHostingHelper.Search(NumberHostingHelper.java:70)
	at Testscript.NumberHosting.NumberInquiry(NumberHosting.java:16)
... Removed 24 stack frames]]>
    </failure>
  </testcase> <!-- NumberInquiry -->
  <testcase classname="Testscript.NumberHosting" name="NumberInquiry" time="18.109">
    <failure type="java.lang.AssertionError" message=" &amp;lt;font color=&amp;apos;red&amp;apos;&amp;gt; Either data is incorrect in excel sheet or no Record found in system Application &amp;lt;/font&amp;gt;">
      <![CDATA[java.lang.AssertionError:  <font color='red'> Either data is incorrect in excel sheet or no Record found in system Application </font>
	at Driver.DriverHelper.RedLog(DriverHelper.java:1087)
	at ScriptHelper.NumberHostingHelper.NumberQuiryUsingNumberStatus(NumberHostingHelper.java:628)
	at ScriptHelper.NumberHostingHelper.Search(NumberHostingHelper.java:70)
	at Testscript.NumberHosting.NumberInquiry(NumberHosting.java:16)
... Removed 24 stack frames]]>
    </failure>
  </testcase> <!-- NumberInquiry -->
  <testcase classname="Testscript.NumberHosting" name="NumberInquiry" time="17.662">
    <failure type="java.lang.AssertionError" message=" &amp;lt;font color=&amp;apos;red&amp;apos;&amp;gt; Either data is incorrect in excel sheet or no Record found in system Application &amp;lt;/font&amp;gt;">
      <![CDATA[java.lang.AssertionError:  <font color='red'> Either data is incorrect in excel sheet or no Record found in system Application </font>
	at Driver.DriverHelper.RedLog(DriverHelper.java:1087)
	at ScriptHelper.NumberHostingHelper.NumberQuiryUsingNumberStatus(NumberHostingHelper.java:628)
	at ScriptHelper.NumberHostingHelper.Search(NumberHostingHelper.java:70)
	at Testscript.NumberHosting.NumberInquiry(NumberHosting.java:16)
... Removed 24 stack frames]]>
    </failure>
  </testcase> <!-- NumberInquiry -->
  <testcase classname="Testscript.NumberHosting" name="NumberInquiry" time="38.325"/>
  <testcase classname="Testscript.NumberHosting" name="NumberInquiry" time="19.305">
    <failure type="java.lang.AssertionError" message=" &amp;lt;font color=&amp;apos;red&amp;apos;&amp;gt; Either data is incorrect in excel sheet or no Record found in system Application &amp;lt;/font&amp;gt;">
      <![CDATA[java.lang.AssertionError:  <font color='red'> Either data is incorrect in excel sheet or no Record found in system Application </font>
	at Driver.DriverHelper.RedLog(DriverHelper.java:1087)
	at ScriptHelper.NumberHostingHelper.NumberQuiryUsingNumberStatus(NumberHostingHelper.java:628)
	at ScriptHelper.NumberHostingHelper.Search(NumberHostingHelper.java:70)
	at Testscript.NumberHosting.NumberInquiry(NumberHosting.java:16)
... Removed 24 stack frames]]>
    </failure>
  </testcase> <!-- NumberInquiry -->
  <testcase classname="Testscript.NumberHosting" name="NumberInquiry" time="12.461">
    <failure type="java.lang.AssertionError" message=" &amp;lt;font color=&amp;apos;red&amp;apos;&amp;gt; Either data is incorrect in excel sheet or no Record found in system Application &amp;lt;/font&amp;gt;">
      <![CDATA[java.lang.AssertionError:  <font color='red'> Either data is incorrect in excel sheet or no Record found in system Application </font>
	at Driver.DriverHelper.RedLog(DriverHelper.java:1087)
	at ScriptHelper.NumberHostingHelper.NumberQuiryUsingNumberStatus(NumberHostingHelper.java:1026)
	at ScriptHelper.NumberHostingHelper.Search(NumberHostingHelper.java:70)
	at Testscript.NumberHosting.NumberInquiry(NumberHosting.java:16)
... Removed 24 stack frames]]>
    </failure>
  </testcase> <!-- NumberInquiry -->
  <testcase classname="Testscript.NumberHosting" name="NumberInquiry" time="16.673"/>
  <testcase classname="Testscript.NumberHosting" name="NumberInquiry" time="159.501">
    <failure type="org.openqa.selenium.NoSuchElementException" message="no such element: Unable to locate element: {&amp;quot;method&amp;quot;:&amp;quot;xpath&amp;quot;,&amp;quot;selector&amp;quot;:&amp;quot;//h1[contains(text(),&amp;apos;Number Enquiry - Search Result&amp;apos;)]/../../..//td/a[contains(text(),&amp;apos;Transactionid&amp;apos;)]/../..//td/select&amp;quot;}
  (Session info: chrome=77.0.3865.120)
  (Driver info: chromedriver=2.40.565498 (ea082db3280dd6843ebfb08a625e3eb905c4f5ab),platform=Windows NT 10.0.14393 x86_64) (WARNING: The server did not provide any stacktrace information)
Command duration or timeout: 20.06 seconds
For documentation on this error, please visit: http://seleniumhq.org/exceptions/no_such_element.html
Build info: version: &amp;apos;3.4.0&amp;apos;, revision: &amp;apos;unknown&amp;apos;, time: &amp;apos;unknown&amp;apos;
System info: host: &amp;apos;ULVMCTMTTL108&amp;apos;, ip: &amp;apos;10.100.19.58&amp;apos;, os.name: &amp;apos;Windows Server 2016&amp;apos;, os.arch: &amp;apos;amd64&amp;apos;, os.version: &amp;apos;10.0&amp;apos;, java.version: &amp;apos;12.0.2&amp;apos;
Driver info: org.openqa.selenium.chrome.ChromeDriver
Capabilities [{applicationCacheEnabled=false, rotatable=false, mobileEmulationEnabled=false, networkConnectionEnabled=false, chrome={chromedriverVersion=2.40.565498 (ea082db3280dd6843ebfb08a625e3eb905c4f5ab), userDataDir=C:\Users\RGUPTA~1\AppData\Local\Temp\5\scoped_dir9008_29857}, takesHeapSnapshot=true, pageLoadStrategy=none, databaseEnabled=false, handlesAlerts=true, hasTouchScreen=false, version=77.0.3865.120, platform=XP, browserConnectionEnabled=false, nativeEvents=true, acceptSslCerts=false, acceptInsecureCerts=false, locationContextEnabled=true, webStorageEnabled=true, browserName=chrome, takesScreenshot=true, javascriptEnabled=true, cssSelectorsEnabled=true, setWindowRect=true, unexpectedAlertBehaviour=}]
Session ID: 5eafbdc334a52205a490ad1b6e35ff8a
*** Element info: {Using=xpath, value=//h1[contains(text(),&amp;apos;Number Enquiry - Search Result&amp;apos;)]/../../..//td/a[contains(text(),&amp;apos;Transactionid&amp;apos;)]/../..//td/select}">
      <![CDATA[org.openqa.selenium.NoSuchElementException: no such element: Unable to locate element: {"method":"xpath","selector":"//h1[contains(text(),'Number Enquiry - Search Result')]/../../..//td/a[contains(text(),'Transactionid')]/../..//td/select"}
  (Session info: chrome=77.0.3865.120)
  (Driver info: chromedriver=2.40.565498 (ea082db3280dd6843ebfb08a625e3eb905c4f5ab),platform=Windows NT 10.0.14393 x86_64) (WARNING: The server did not provide any stacktrace information)
Command duration or timeout: 20.06 seconds
For documentation on this error, please visit: http://seleniumhq.org/exceptions/no_such_element.html
Build info: version: '3.4.0', revision: 'unknown', time: 'unknown'
System info: host: 'ULVMCTMTTL108', ip: '10.100.19.58', os.name: 'Windows Server 2016', os.arch: 'amd64', os.version: '10.0', java.version: '12.0.2'
Driver info: org.openqa.selenium.chrome.ChromeDriver
Capabilities [{applicationCacheEnabled=false, rotatable=false, mobileEmulationEnabled=false, networkConnectionEnabled=false, chrome={chromedriverVersion=2.40.565498 (ea082db3280dd6843ebfb08a625e3eb905c4f5ab), userDataDir=C:\Users\RGUPTA~1\AppData\Local\Temp\5\scoped_dir9008_29857}, takesHeapSnapshot=true, pageLoadStrategy=none, databaseEnabled=false, handlesAlerts=true, hasTouchScreen=false, version=77.0.3865.120, platform=XP, browserConnectionEnabled=false, nativeEvents=true, acceptSslCerts=false, acceptInsecureCerts=false, locationContextEnabled=true, webStorageEnabled=true, browserName=chrome, takesScreenshot=true, javascriptEnabled=true, cssSelectorsEnabled=true, setWindowRect=true, unexpectedAlertBehaviour=}]
Session ID: 5eafbdc334a52205a490ad1b6e35ff8a
*** Element info: {Using=xpath, value=//h1[contains(text(),'Number Enquiry - Search Result')]/../../..//td/a[contains(text(),'Transactionid')]/../..//td/select}
	at org.openqa.selenium.remote.ErrorHandler.createThrowable(ErrorHandler.java:215)
	at org.openqa.selenium.remote.ErrorHandler.throwIfResponseFailed(ErrorHandler.java:167)
	at org.openqa.selenium.remote.RemoteWebDriver.execute(RemoteWebDriver.java:671)
	at org.openqa.selenium.remote.RemoteWebDriver.findElement(RemoteWebDriver.java:410)
	at org.openqa.selenium.remote.RemoteWebDriver.findElementByXPath(RemoteWebDriver.java:509)
	at org.openqa.selenium.By$ByXPath.findElement(By.java:361)
	at org.openqa.selenium.remote.RemoteWebDriver.findElement(RemoteWebDriver.java:402)
	at Driver.DriverHelper.waitandForElementDisplayed(DriverHelper.java:646)
	at ScriptHelper.NumberHostingHelper.ActivateStatus(NumberHostingHelper.java:1226)
	at ScriptHelper.NumberHostingHelper.NumberQuiryUsingNumberStatus(NumberHostingHelper.java:119)
	at ScriptHelper.NumberHostingHelper.Search(NumberHostingHelper.java:70)
	at Testscript.NumberHosting.NumberInquiry(NumberHosting.java:16)
... Removed 27 stack frames]]>
    </failure>
  </testcase> <!-- NumberInquiry -->
</testsuite> <!-- Scenario -->
