<?xml version="1.0" encoding="UTF-8"?>
<!-- Generated by org.testng.reporters.JUnitXMLReporter -->
<testsuite hostname="360NDCLP119" name="CPQ End to End Order" tests="1" failures="1" timestamp="13 May 2019 02:07:26 GMT" time="58.609" errors="0">
  <testcase name="EndtoEndOrder" time="39.06" classname="Testscript.StandardOrder">
    <failure type="org.openqa.selenium.WebDriverException" message="unknown error: Element &amp;lt;div id=&amp;quot;navigationitemu3p1aB5MBqswlRFv6wRSym_117-text&amp;quot; dir=&amp;quot;ltr&amp;quot; class=&amp;quot;sapMITBText&amp;quot;&amp;gt;...&amp;lt;/div&amp;gt; is not clickable at point (509, 136). Other element would receive the click: &amp;lt;div id=&amp;quot;__div1-busyIndicator&amp;quot; class=&amp;quot;sapUiBlockLayer  sapUiLocalBusyIndicator sapUiLocalBusyIndicatorSizeMedium sapUiLocalBusyIndicatorFade&amp;quot; role=&amp;quot;progressbar&amp;quot; aria-valuemin=&amp;quot;0&amp;quot; aria-valuemax=&amp;quot;100&amp;quot; alt=&amp;quot;&amp;quot; tabindex=&amp;quot;0&amp;quot; title=&amp;quot;Please wait&amp;quot;&amp;gt;...&amp;lt;/div&amp;gt;
  (Session info: chrome=74.0.3729.131)
  (Driver info: chromedriver=2.40.565498 (ea082db3280dd6843ebfb08a625e3eb905c4f5ab),platform=Windows NT 10.0.17134 x86_64) (WARNING: The server did not provide any stacktrace information)
Command duration or timeout: 62 milliseconds
Build info: version: &amp;apos;3.4.0&amp;apos;, revision: &amp;apos;unknown&amp;apos;, time: &amp;apos;unknown&amp;apos;
System info: host: &amp;apos;360NDCLP119&amp;apos;, ip: &amp;apos;172.31.161.145&amp;apos;, os.name: &amp;apos;Windows 10&amp;apos;, os.arch: &amp;apos;amd64&amp;apos;, os.version: &amp;apos;10.0&amp;apos;, java.version: &amp;apos;1.8.0_162&amp;apos;
Driver info: org.openqa.selenium.chrome.ChromeDriver
Capabilities [{applicationCacheEnabled=false, rotatable=false, mobileEmulationEnabled=false, networkConnectionEnabled=false, chrome={chromedriverVersion=2.40.565498 (ea082db3280dd6843ebfb08a625e3eb905c4f5ab), userDataDir=C:\Users\ashwanis\AppData\Local\Temp\scoped_dir5624_28948}, takesHeapSnapshot=true, pageLoadStrategy=none, databaseEnabled=false, handlesAlerts=true, hasTouchScreen=false, version=74.0.3729.131, platform=XP, browserConnectionEnabled=false, nativeEvents=true, acceptSslCerts=false, acceptInsecureCerts=false, locationContextEnabled=true, webStorageEnabled=true, browserName=chrome, takesScreenshot=true, javascriptEnabled=true, cssSelectorsEnabled=true, setWindowRect=true, unexpectedAlertBehaviour=}]
Session ID: 6b66d41a462cb6b4a2ce1f2b0d2cf9ef">
      <![CDATA[org.openqa.selenium.WebDriverException: unknown error: Element <div id="navigationitemu3p1aB5MBqswlRFv6wRSym_117-text" dir="ltr" class="sapMITBText">...</div> is not clickable at point (509, 136). Other element would receive the click: <div id="__div1-busyIndicator" class="sapUiBlockLayer  sapUiLocalBusyIndicator sapUiLocalBusyIndicatorSizeMedium sapUiLocalBusyIndicatorFade" role="progressbar" aria-valuemin="0" aria-valuemax="100" alt="" tabindex="0" title="Please wait">...</div>
  (Session info: chrome=74.0.3729.131)
  (Driver info: chromedriver=2.40.565498 (ea082db3280dd6843ebfb08a625e3eb905c4f5ab),platform=Windows NT 10.0.17134 x86_64) (WARNING: The server did not provide any stacktrace information)
Command duration or timeout: 62 milliseconds
Build info: version: '3.4.0', revision: 'unknown', time: 'unknown'
System info: host: '360NDCLP119', ip: '172.31.161.145', os.name: 'Windows 10', os.arch: 'amd64', os.version: '10.0', java.version: '1.8.0_162'
Driver info: org.openqa.selenium.chrome.ChromeDriver
Capabilities [{applicationCacheEnabled=false, rotatable=false, mobileEmulationEnabled=false, networkConnectionEnabled=false, chrome={chromedriverVersion=2.40.565498 (ea082db3280dd6843ebfb08a625e3eb905c4f5ab), userDataDir=C:\Users\ashwanis\AppData\Local\Temp\scoped_dir5624_28948}, takesHeapSnapshot=true, pageLoadStrategy=none, databaseEnabled=false, handlesAlerts=true, hasTouchScreen=false, version=74.0.3729.131, platform=XP, browserConnectionEnabled=false, nativeEvents=true, acceptSslCerts=false, acceptInsecureCerts=false, locationContextEnabled=true, webStorageEnabled=true, browserName=chrome, takesScreenshot=true, javascriptEnabled=true, cssSelectorsEnabled=true, setWindowRect=true, unexpectedAlertBehaviour=}]
Session ID: 6b66d41a462cb6b4a2ce1f2b0d2cf9ef
	at org.openqa.selenium.remote.ErrorHandler.createThrowable(ErrorHandler.java:215)
	at org.openqa.selenium.remote.ErrorHandler.throwIfResponseFailed(ErrorHandler.java:167)
	at org.openqa.selenium.remote.RemoteWebDriver.execute(RemoteWebDriver.java:671)
	at org.openqa.selenium.remote.RemoteWebElement.execute(RemoteWebElement.java:272)
	at org.openqa.selenium.remote.RemoteWebElement.click(RemoteWebElement.java:82)
	at Driver.DriverHelper.Clickon(DriverHelper.java:195)
	at ScriptHelper.C4CHelper.MovetoOpportunuity(C4CHelper.java:44)
	at Testscript.StandardOrder.EndtoEndOrder(StandardOrder.java:18)
... Removed 28 stack frames]]>
    </failure>
  </testcase> <!-- EndtoEndOrder -->
</testsuite> <!-- CPQ End to End Order -->
