<!DOCTYPE html>

<html>
  <head>
  <title>TestNG reports</title>

    <link type="text/css" href="testng-reports.css" rel="stylesheet" />  
    <script type="text/javascript" src="jquery-1.7.1.min.js"></script>
    <script type="text/javascript" src="testng-reports.js"></script>
    <script type="text/javascript" src="https://www.google.com/jsapi"></script>
    <script type='text/javascript'>
      google.load('visualization', '1', {packages:['table']});
      google.setOnLoadCallback(drawTable);
      var suiteTableInitFunctions = new Array();
      var suiteTableData = new Array();
    </script>
    <!--
      <script type="text/javascript" src="jquery-ui/js/jquery-ui-1.8.16.custom.min.js"></script>
     -->
  </head>

  <body>
    <div class="top-banner-root">
      <span class="top-banner-title-font">Test results</span>
      <br/>
      <span class="top-banner-font-1">1 suite, 2 failed tests</span>
    </div> <!-- top-banner-root -->
    <div class="navigator-root">
      <div class="navigator-suite-header">
        <span>All suites</span>
        <a href="#" class="collapse-all-link" title="Collapse/expand all the suites">
          <img class="collapse-all-icon" src="collapseall.gif">
          </img> <!-- collapse-all-icon -->
        </a> <!-- collapse-all-link -->
      </div> <!-- navigator-suite-header -->
      <div class="suite">
        <div class="rounded-window">
          <div class="suite-header light-rounded-window-top">
            <a href="#" class="navigator-link" panel-name="suite-CPQ_End_to_End_Order">
              <span class="suite-name border-failed">CPQ End to End Order</span>
            </a> <!-- navigator-link -->
          </div> <!-- suite-header light-rounded-window-top -->
          <div class="navigator-suite-content">
            <div class="suite-section-title">
              <span>Info</span>
            </div> <!-- suite-section-title -->
            <div class="suite-section-content">
              <ul>
                <li>
                  <a href="#" class="navigator-link " panel-name="test-xml-CPQ_End_to_End_Order">
                    <span>D:\Eclipse\CPQ\Suites\NewStandardOrder.xml</span>
                  </a> <!-- navigator-link  -->
                </li>
                <li>
                  <a href="#" class="navigator-link " panel-name="testlist-CPQ_End_to_End_Order">
                    <span class="test-stats">1 test</span>
                  </a> <!-- navigator-link  -->
                </li>
                <li>
                  <a href="#" class="navigator-link " panel-name="group-CPQ_End_to_End_Order">
                    <span>0 groups</span>
                  </a> <!-- navigator-link  -->
                </li>
                <li>
                  <a href="#" class="navigator-link " panel-name="times-CPQ_End_to_End_Order">
                    <span>Times</span>
                  </a> <!-- navigator-link  -->
                </li>
                <li>
                  <a href="#" class="navigator-link " panel-name="reporter-CPQ_End_to_End_Order">
                    <span>Reporter output</span>
                  </a> <!-- navigator-link  -->
                </li>
                <li>
                  <a href="#" class="navigator-link " panel-name="ignored-methods-CPQ_End_to_End_Order">
                    <span>Ignored methods</span>
                  </a> <!-- navigator-link  -->
                </li>
                <li>
                  <a href="#" class="navigator-link " panel-name="chronological-CPQ_End_to_End_Order">
                    <span>Chronological view</span>
                  </a> <!-- navigator-link  -->
                </li>
              </ul>
            </div> <!-- suite-section-content -->
            <div class="result-section">
              <div class="suite-section-title">
                <span>Results</span>
              </div> <!-- suite-section-title -->
              <div class="suite-section-content">
                <ul>
                  <li>
                    <span class="method-stats">2 methods, 2 failed,   </span>
                  </li>
                  <li>
                    <span class="method-list-title failed">Failed methods</span>
                    <span class="show-or-hide-methods failed">
                      <a href="#" panel-name="suite-CPQ_End_to_End_Order" class="hide-methods failed suite-CPQ_End_to_End_Order"> (hide)</a> <!-- hide-methods failed suite-CPQ_End_to_End_Order -->
                      <a href="#" panel-name="suite-CPQ_End_to_End_Order" class="show-methods failed suite-CPQ_End_to_End_Order"> (show)</a> <!-- show-methods failed suite-CPQ_End_to_End_Order -->
                    </span>
                    <div class="method-list-content failed suite-CPQ_End_to_End_Order">
                      <span>
                        <img width="3%" src="failed.png"/>
                        <a href="#" class="method navigator-link" panel-name="suite-CPQ_End_to_End_Order" title="Testscript.StandardOrder" hash-for-method="EndtoEndOrder([100119208, 265292, Ethernet &gt; Ethernet Line, 16 Rue Friant, 75014 Paris, France, 16 Rue Friant, 750...)">EndtoEndOrder([100119208, 265292, Ethernet > Ethernet Line, 16 Rue Friant, 75014 Paris, France, 16 Rue Friant, 750...)</a> <!-- method navigator-link -->
                      </span>
                      <br/>
                      <span>
                        <img width="3%" src="failed.png"/>
                        <a href="#" class="method navigator-link" panel-name="suite-CPQ_End_to_End_Order" title="Testscript.StandardOrder" hash-for-method="EndtoEndOrder([100119208, 265292, Ethernet &gt; Ethernet Line, 16 Rue Friant, 75014 Paris, France, 16 Rue Friant, 750...)">EndtoEndOrder([100119208, 265292, Ethernet > Ethernet Line, 16 Rue Friant, 75014 Paris, France, 16 Rue Friant, 750...)</a> <!-- method navigator-link -->
                      </span>
                      <br/>
                    </div> <!-- method-list-content failed suite-CPQ_End_to_End_Order -->
                  </li>
                </ul>
              </div> <!-- suite-section-content -->
            </div> <!-- result-section -->
          </div> <!-- navigator-suite-content -->
        </div> <!-- rounded-window -->
      </div> <!-- suite -->
    </div> <!-- navigator-root -->
    <div class="wrapper">
      <div class="main-panel-root">
        <div panel-name="suite-CPQ_End_to_End_Order" class="panel CPQ_End_to_End_Order">
          <div class="suite-CPQ_End_to_End_Order-class-failed">
            <div class="main-panel-header rounded-window-top">
              <img src="failed.png"/>
              <span class="class-name">Testscript.StandardOrder</span>
            </div> <!-- main-panel-header rounded-window-top -->
            <div class="main-panel-content rounded-window-bottom">
              <div class="method">
                <div class="method-content">
                  <a name="EndtoEndOrder([100119208, 265292, Ethernet &gt; Ethernet Line, 16 Rue Friant, 75014 Paris, France, 16 Rue Friant, 750...)">
                  </a> <!-- EndtoEndOrder([100119208, 265292, Ethernet > Ethernet Line, 16 Rue Friant, 75014 Paris, France, 16 Rue Friant, 750...) -->
                  <span class="method-name">EndtoEndOrder</span>
                  <span class="parameters">([100119208, 265292, Ethernet > Ethernet Line, 16 Rue Friant, 75014 Paris, France, 16 Rue Friant, 75014 Paris, France, 1 Year, 1 Gbps, Unprotected, Onnet, Onnet, Fast Track, Ashwani, Singh, Ashwani.singh31@colt.net, 44 8882216537, 123566534, 2147483647, 10000, Email, ashwanis@360logica.com, Atest, BTest, null, Ethernet New Standard Order, Yes])</span>
                  <div class="stack-trace">org.openqa.selenium.NoSuchElementException: no such element: Unable to locate element: {&quot;method&quot;:&quot;id&quot;,&quot;selector&quot;:&quot;siteAddressLink&quot;}
  (Session info: chrome=74.0.3729.131)
  (Driver info: chromedriver=2.40.565498 (ea082db3280dd6843ebfb08a625e3eb905c4f5ab),platform=Windows NT 10.0.17134 x86_64) (WARNING: The server did not provide any stacktrace information)
Command duration or timeout: 9.19 seconds
For documentation on this error, please visit: http://seleniumhq.org/exceptions/no_such_element.html
Build info: version: &apos;3.4.0&apos;, revision: &apos;unknown&apos;, time: &apos;unknown&apos;
System info: host: &apos;360NDCLP119&apos;, ip: &apos;172.31.161.145&apos;, os.name: &apos;Windows 10&apos;, os.arch: &apos;amd64&apos;, os.version: &apos;10.0&apos;, java.version: &apos;1.8.0_162&apos;
Driver info: org.openqa.selenium.chrome.ChromeDriver
Capabilities [{applicationCacheEnabled=false, rotatable=false, mobileEmulationEnabled=false, networkConnectionEnabled=false, chrome={chromedriverVersion=2.40.565498 (ea082db3280dd6843ebfb08a625e3eb905c4f5ab), userDataDir=C:\Users\ashwanis\AppData\Local\Temp\scoped_dir14720_12753}, takesHeapSnapshot=true, pageLoadStrategy=none, databaseEnabled=false, handlesAlerts=true, hasTouchScreen=false, version=74.0.3729.131, platform=XP, browserConnectionEnabled=false, nativeEvents=true, acceptSslCerts=false, acceptInsecureCerts=false, locationContextEnabled=true, webStorageEnabled=true, browserName=chrome, takesScreenshot=true, javascriptEnabled=true, cssSelectorsEnabled=true, setWindowRect=true, unexpectedAlertBehaviour=}]
Session ID: 6123be4b06f2871d1b291829ad8f02ed
*** Element info: {Using=id, value=siteAddressLink}
	at org.openqa.selenium.remote.ErrorHandler.createThrowable(ErrorHandler.java:215)
	at org.openqa.selenium.remote.ErrorHandler.throwIfResponseFailed(ErrorHandler.java:167)
	at org.openqa.selenium.remote.RemoteWebDriver.execute(RemoteWebDriver.java:671)
	at org.openqa.selenium.remote.RemoteWebDriver.findElement(RemoteWebDriver.java:410)
	at org.openqa.selenium.remote.RemoteWebDriver.findElementById(RemoteWebDriver.java:453)
	at org.openqa.selenium.By$ById.findElement(By.java:218)
	at org.openqa.selenium.remote.RemoteWebDriver.findElement(RemoteWebDriver.java:402)
	at Driver.DriverHelper.Getmaploaded(DriverHelper.java:113)
	at ScriptHelper.ConfigurationHelper.AddProduct(ConfigurationHelper.java:64)
	at Testscript.StandardOrder.EndtoEndOrder(StandardOrder.java:21)
	at java.util.concurrent.FutureTask.run(FutureTask.java:266)
	at java.util.concurrent.Executors$RunnableAdapter.call(Executors.java:511)
	at java.util.concurrent.FutureTask.run(FutureTask.java:266)
	at java.util.concurrent.ThreadPoolExecutor.runWorker(ThreadPoolExecutor.java:1149)
	at java.util.concurrent.ThreadPoolExecutor$Worker.run(ThreadPoolExecutor.java:624)
	at java.lang.Thread.run(Thread.java:748)
... Removed 12 stack frames
</div> <!-- stack-trace -->
                </div> <!-- method-content -->
              </div> <!-- method -->
              <div class="method">
                <div class="method-content">
                  <a name="EndtoEndOrder([100119208, 265292, Ethernet &gt; Ethernet Line, 16 Rue Friant, 75014 Paris, France, 16 Rue Friant, 750...)">
                  </a> <!-- EndtoEndOrder([100119208, 265292, Ethernet > Ethernet Line, 16 Rue Friant, 75014 Paris, France, 16 Rue Friant, 750...) -->
                  <span class="method-name">EndtoEndOrder</span>
                  <span class="parameters">([100119208, 265292, Ethernet > Ethernet Line, 16 Rue Friant, 75014 Paris, France, 16 Rue Friant, 75014 Paris, France, 1 Year, 1 Gbps, Unprotected, Onnet, Onnet, Fast Track, Ashwani, Singh, Ashwani.singh31@colt.net, 44 8882216537, 123566534, 2147483647, 10000, Email, ashwanis@360logica.com, Atest, BTest, null, Ethernet New Standard Order, Yes])</span>
                  <div class="stack-trace">org.openqa.selenium.NoSuchElementException: no such element: Unable to locate element: {&quot;method&quot;:&quot;id&quot;,&quot;selector&quot;:&quot;siteAddressLink&quot;}
  (Session info: chrome=74.0.3729.131)
  (Driver info: chromedriver=2.40.565498 (ea082db3280dd6843ebfb08a625e3eb905c4f5ab),platform=Windows NT 10.0.17134 x86_64) (WARNING: The server did not provide any stacktrace information)
Command duration or timeout: 8.18 seconds
For documentation on this error, please visit: http://seleniumhq.org/exceptions/no_such_element.html
Build info: version: &apos;3.4.0&apos;, revision: &apos;unknown&apos;, time: &apos;unknown&apos;
System info: host: &apos;360NDCLP119&apos;, ip: &apos;172.31.161.145&apos;, os.name: &apos;Windows 10&apos;, os.arch: &apos;amd64&apos;, os.version: &apos;10.0&apos;, java.version: &apos;1.8.0_162&apos;
Driver info: org.openqa.selenium.chrome.ChromeDriver
Capabilities [{applicationCacheEnabled=false, rotatable=false, mobileEmulationEnabled=false, networkConnectionEnabled=false, chrome={chromedriverVersion=2.40.565498 (ea082db3280dd6843ebfb08a625e3eb905c4f5ab), userDataDir=C:\Users\ashwanis\AppData\Local\Temp\scoped_dir6332_20605}, takesHeapSnapshot=true, pageLoadStrategy=none, databaseEnabled=false, handlesAlerts=true, hasTouchScreen=false, version=74.0.3729.131, platform=XP, browserConnectionEnabled=false, nativeEvents=true, acceptSslCerts=false, acceptInsecureCerts=false, locationContextEnabled=true, webStorageEnabled=true, browserName=chrome, takesScreenshot=true, javascriptEnabled=true, cssSelectorsEnabled=true, setWindowRect=true, unexpectedAlertBehaviour=}]
Session ID: a418f5f9e1e1351c0e45c9f6c73a785f
*** Element info: {Using=id, value=siteAddressLink}
	at org.openqa.selenium.remote.ErrorHandler.createThrowable(ErrorHandler.java:215)
	at org.openqa.selenium.remote.ErrorHandler.throwIfResponseFailed(ErrorHandler.java:167)
	at org.openqa.selenium.remote.RemoteWebDriver.execute(RemoteWebDriver.java:671)
	at org.openqa.selenium.remote.RemoteWebDriver.findElement(RemoteWebDriver.java:410)
	at org.openqa.selenium.remote.RemoteWebDriver.findElementById(RemoteWebDriver.java:453)
	at org.openqa.selenium.By$ById.findElement(By.java:218)
	at org.openqa.selenium.remote.RemoteWebDriver.findElement(RemoteWebDriver.java:402)
	at Driver.DriverHelper.Getmaploaded(DriverHelper.java:113)
	at ScriptHelper.ConfigurationHelper.AddProduct(ConfigurationHelper.java:64)
	at Testscript.StandardOrder.EndtoEndOrder(StandardOrder.java:21)
	at java.util.concurrent.FutureTask.run(FutureTask.java:266)
	at java.util.concurrent.Executors$RunnableAdapter.call(Executors.java:511)
	at java.util.concurrent.FutureTask.run(FutureTask.java:266)
	at java.util.concurrent.ThreadPoolExecutor.runWorker(ThreadPoolExecutor.java:1149)
	at java.util.concurrent.ThreadPoolExecutor$Worker.run(ThreadPoolExecutor.java:624)
	at java.lang.Thread.run(Thread.java:748)
... Removed 12 stack frames
</div> <!-- stack-trace -->
                </div> <!-- method-content -->
              </div> <!-- method -->
            </div> <!-- main-panel-content rounded-window-bottom -->
          </div> <!-- suite-CPQ_End_to_End_Order-class-failed -->
        </div> <!-- panel CPQ_End_to_End_Order -->
        <div panel-name="test-xml-CPQ_End_to_End_Order" class="panel">
          <div class="main-panel-header rounded-window-top">
            <span class="header-content">D:\Eclipse\CPQ\Suites\NewStandardOrder.xml</span>
          </div> <!-- main-panel-header rounded-window-top -->
          <div class="main-panel-content rounded-window-bottom">
            <pre>
&lt;?xml version=&quot;1.0&quot; encoding=&quot;UTF-8&quot;?&gt;
&lt;!DOCTYPE suite SYSTEM &quot;http://testng.org/testng-1.0.dtd&quot;&gt;
&lt;suite thread-count=&quot;1&quot; name=&quot;CPQ End to End Order&quot;&gt;
  &lt;listeners&gt;
    &lt;listener class-name=&quot;Listeners.TestListener&quot;/&gt;
  &lt;/listeners&gt;
  &lt;test name=&quot;CPQ End to End Order&quot;&gt;
    &lt;classes&gt;
      &lt;class name=&quot;Testscript.StandardOrder&quot;&gt;
        &lt;methods&gt;
          &lt;include name=&quot;EndtoEndOrder&quot;/&gt;
        &lt;/methods&gt;
      &lt;/class&gt; &lt;!-- Testscript.StandardOrder --&gt;
    &lt;/classes&gt;
  &lt;/test&gt; &lt;!-- CPQ End to End Order --&gt;
&lt;/suite&gt; &lt;!-- CPQ End to End Order --&gt;
            </pre>
          </div> <!-- main-panel-content rounded-window-bottom -->
        </div> <!-- panel -->
        <div panel-name="testlist-CPQ_End_to_End_Order" class="panel">
          <div class="main-panel-header rounded-window-top">
            <span class="header-content">Tests for CPQ End to End Order</span>
          </div> <!-- main-panel-header rounded-window-top -->
          <div class="main-panel-content rounded-window-bottom">
            <ul>
              <li>
                <span class="test-name">CPQ End to End Order (1 class)</span>
              </li>
            </ul>
          </div> <!-- main-panel-content rounded-window-bottom -->
        </div> <!-- panel -->
        <div panel-name="group-CPQ_End_to_End_Order" class="panel">
          <div class="main-panel-header rounded-window-top">
            <span class="header-content">Groups for CPQ End to End Order</span>
          </div> <!-- main-panel-header rounded-window-top -->
          <div class="main-panel-content rounded-window-bottom">
          </div> <!-- main-panel-content rounded-window-bottom -->
        </div> <!-- panel -->
        <div panel-name="times-CPQ_End_to_End_Order" class="panel">
          <div class="main-panel-header rounded-window-top">
            <span class="header-content">Times for CPQ End to End Order</span>
          </div> <!-- main-panel-header rounded-window-top -->
          <div class="main-panel-content rounded-window-bottom">
            <div class="times-div">
              <script type="text/javascript">
suiteTableInitFunctions.push('tableData_CPQ_End_to_End_Order');
function tableData_CPQ_End_to_End_Order() {
var data = new google.visualization.DataTable();
data.addColumn('number', 'Number');
data.addColumn('string', 'Method');
data.addColumn('string', 'Class');
data.addColumn('number', 'Time (ms)');
data.addRows(2);
data.setCell(0, 0, 0)
data.setCell(0, 1, 'EndtoEndOrder')
data.setCell(0, 2, 'Testscript.StandardOrder')
data.setCell(0, 3, 172124);
data.setCell(1, 0, 1)
data.setCell(1, 1, 'EndtoEndOrder')
data.setCell(1, 2, 'Testscript.StandardOrder')
data.setCell(1, 3, 171017);
window.suiteTableData['CPQ_End_to_End_Order']= { tableData: data, tableDiv: 'times-div-CPQ_End_to_End_Order'}
return data;
}
              </script>
              <span class="suite-total-time">Total running time: 5 minutes</span>
              <div id="times-div-CPQ_End_to_End_Order">
              </div> <!-- times-div-CPQ_End_to_End_Order -->
            </div> <!-- times-div -->
          </div> <!-- main-panel-content rounded-window-bottom -->
        </div> <!-- panel -->
        <div panel-name="reporter-CPQ_End_to_End_Order" class="panel">
          <div class="main-panel-header rounded-window-top">
            <span class="header-content">Reporter output for CPQ End to End Order</span>
          </div> <!-- main-panel-header rounded-window-top -->
          <div class="main-panel-content rounded-window-bottom">
          </div> <!-- main-panel-content rounded-window-bottom -->
        </div> <!-- panel -->
        <div panel-name="ignored-methods-CPQ_End_to_End_Order" class="panel">
          <div class="main-panel-header rounded-window-top">
            <span class="header-content">0 ignored methods</span>
          </div> <!-- main-panel-header rounded-window-top -->
          <div class="main-panel-content rounded-window-bottom">
          </div> <!-- main-panel-content rounded-window-bottom -->
        </div> <!-- panel -->
        <div panel-name="chronological-CPQ_End_to_End_Order" class="panel">
          <div class="main-panel-header rounded-window-top">
            <span class="header-content">Methods in chronological order</span>
          </div> <!-- main-panel-header rounded-window-top -->
          <div class="main-panel-content rounded-window-bottom">
            <div class="chronological-class">
              <div class="chronological-class-name">Testscript.StandardOrder</div> <!-- chronological-class-name -->
              <div class="configuration-suite before">
                <span class="method-name">BeforeSuite</span>
                <span class="method-start">0 ms</span>
              </div> <!-- configuration-suite before -->
              <div class="configuration-method before">
                <span class="method-name">BeforeMethod(public void Testscript.StandardOrder.EndtoEndOrder(java.lang.Object[]) throws java.lang.Exception, o...)</span>
                <span class="method-start">3182 ms</span>
              </div> <!-- configuration-method before -->
              <div class="configuration-method before">
                <span class="method-name">BeforeMethod(public void Testscript.StandardOrder.EndtoEndOrder(java.lang.Object[]) throws java.lang.Exception, o...)</span>
                <span class="method-start">3182 ms</span>
              </div> <!-- configuration-method before -->
              <div class="test-method">
                <img src="failed.png">
                </img>
                <span class="method-name">EndtoEndOrder([100119208, 265292, Ethernet > Ethernet Line, 16 Rue Friant, 75014 Paris, France, 16 Rue Friant, 750...)</span>
                <span class="method-start">18515 ms</span>
              </div> <!-- test-method -->
              <div class="test-method">
                <img src="failed.png">
                </img>
                <span class="method-name">EndtoEndOrder([100119208, 265292, Ethernet > Ethernet Line, 16 Rue Friant, 75014 Paris, France, 16 Rue Friant, 750...)</span>
                <span class="method-start">19237 ms</span>
              </div> <!-- test-method -->
              <div class="configuration-test after">
                <img src="failed.png">
                </img>
                <span class="method-name">Teardown</span>
                <span class="method-start">192244 ms</span>
              </div> <!-- configuration-test after -->
          </div> <!-- main-panel-content rounded-window-bottom -->
        </div> <!-- panel -->
      </div> <!-- main-panel-root -->
    </div> <!-- wrapper -->
  </body>
</html>
