<?xml version="1.0" encoding="UTF-8"?>
<testng-results skipped="0" failed="1" total="1" passed="0">
  <reporter-output>
  </reporter-output>
  <suite name="CPQ End to End Order" duration-ms="369942" started-at="2019-06-23T15:53:21Z" finished-at="2019-06-23T15:59:31Z">
    <groups>
    </groups>
    <test name="CPQ End to End Order" duration-ms="369942" started-at="2019-06-23T15:53:21Z" finished-at="2019-06-23T15:59:31Z">
      <class name="Testscript.StandardOrderOnnet">
        <test-method status="PASS" signature="BeforeSuite()[pri:0, instance:Testscript.StandardOrderOnnet@58651fd0]" name="BeforeSuite" is-config="true" duration-ms="264" started-at="2019-06-23T21:23:21Z" finished-at="2019-06-23T21:23:21Z">
          <reporter-output>
          </reporter-output>
        </test-method> <!-- BeforeSuite -->
        <test-method status="PASS" signature="BeforeMethod(java.lang.reflect.Method, org.testng.ITestContext, [Ljava.lang.Object;)[pri:0, instance:Testscript.StandardOrderOnnet@58651fd0]" name="BeforeMethod" is-config="true" duration-ms="15868" started-at="2019-06-23T21:23:23Z" finished-at="2019-06-23T21:23:39Z">
          <params>
            <param index="0">
              <value>
                <![CDATA[public void Testscript.StandardOrderOnnet.EndtoEndOrder(java.lang.Object[][]) throws java.lang.Exception]]>
              </value>
            </param>
            <param index="1">
              <value>
                <![CDATA[org.testng.TestRunner@4eb1407f]]>
              </value>
            </param>
            <param index="2">
              <value>
                <![CDATA[[Ljava.lang.Object;@443ec909]]>
              </value>
            </param>
          </params>
          <reporter-output>
          </reporter-output>
        </test-method> <!-- BeforeMethod -->
        <test-method status="FAIL" signature="EndtoEndOrder([[Ljava.lang.Object;)[pri:0, instance:Testscript.StandardOrderOnnet@58651fd0]" name="EndtoEndOrder" duration-ms="351596" started-at="2019-06-23T21:23:39Z" data-provider="NewStandrdOrder" finished-at="2019-06-23T21:29:30Z">
          <params>
            <param index="0">
              <value>
                <![CDATA[[[Ljava.lang.Object;@58b8ee01]]>
              </value>
            </param>
          </params>
          <exception class="org.openqa.selenium.TimeoutException">
            <message>
              <![CDATA[Expected condition failed: waiting for element to be clickable: By.id: quoteType_t-ro (tried for 60 second(s) with 1000 MILLISECONDS interval)]]>
            </message>
            <full-stacktrace>
              <![CDATA[org.openqa.selenium.TimeoutException: Expected condition failed: waiting for element to be clickable: By.id: quoteType_t-ro (tried for 60 second(s) with 1000 MILLISECONDS interval)
	at org.openqa.selenium.support.ui.FluentWait.timeoutException(FluentWait.java:264)
	at org.openqa.selenium.support.ui.FluentWait.until(FluentWait.java:232)
	at Driver.DriverHelper.WaitforElementtobeclickable(DriverHelper.java:199)
	at ScriptHelper.ConfigurationHelper.AddProduct(ConfigurationHelper.java:1882)
	at Testscript.StandardOrderOnnet.EndtoEndOrder(StandardOrderOnnet.java:24)
	at sun.reflect.NativeMethodAccessorImpl.invoke0(Native Method)
	at sun.reflect.NativeMethodAccessorImpl.invoke(NativeMethodAccessorImpl.java:62)
	at sun.reflect.DelegatingMethodAccessorImpl.invoke(DelegatingMethodAccessorImpl.java:43)
	at java.lang.reflect.Method.invoke(Method.java:498)
	at org.testng.internal.MethodInvocationHelper.invokeMethod(MethodInvocationHelper.java:84)
	at org.testng.internal.Invoker.invokeMethod(Invoker.java:714)
	at org.testng.internal.Invoker.invokeTestMethod(Invoker.java:901)
	at org.testng.internal.Invoker.invokeTestMethods(Invoker.java:1231)
	at org.testng.internal.TestMethodWorker.invokeTestMethods(TestMethodWorker.java:127)
	at org.testng.internal.TestMethodWorker.run(TestMethodWorker.java:111)
	at org.testng.TestRunner.privateRun(TestRunner.java:767)
	at org.testng.TestRunner.run(TestRunner.java:617)
	at org.testng.SuiteRunner.runTest(SuiteRunner.java:334)
	at org.testng.SuiteRunner.runSequentially(SuiteRunner.java:329)
	at org.testng.SuiteRunner.privateRun(SuiteRunner.java:291)
	at org.testng.SuiteRunner.run(SuiteRunner.java:240)
	at org.testng.SuiteRunnerWorker.runSuite(SuiteRunnerWorker.java:52)
	at org.testng.SuiteRunnerWorker.run(SuiteRunnerWorker.java:86)
	at org.testng.TestNG.runSuitesSequentially(TestNG.java:1224)
	at org.testng.TestNG.runSuitesLocally(TestNG.java:1149)
	at org.testng.TestNG.run(TestNG.java:1057)
	at org.testng.remote.AbstractRemoteTestNG.run(AbstractRemoteTestNG.java:115)
	at org.testng.remote.RemoteTestNG.initAndRun(RemoteTestNG.java:251)
	at org.testng.remote.RemoteTestNG.main(RemoteTestNG.java:77)
Caused by: org.openqa.selenium.NoSuchElementException: Cannot locate an element using By.id: quoteType_t-ro
For documentation on this error, please visit: http://seleniumhq.org/exceptions/no_such_element.html
Build info: version: '3.4.0', revision: 'unknown', time: 'unknown'
System info: host: '360NDCLP119', ip: '172.26.44.65', os.name: 'Windows 10', os.arch: 'amd64', os.version: '10.0', java.version: '1.8.0_162'
Driver info: driver.version: unknown
	at org.openqa.selenium.support.ui.ExpectedConditions.lambda$findElement$0(ExpectedConditions.java:883)
	at java.util.Optional.orElseThrow(Optional.java:290)
	at org.openqa.selenium.support.ui.ExpectedConditions.findElement(ExpectedConditions.java:882)
	at org.openqa.selenium.support.ui.ExpectedConditions.access$000(ExpectedConditions.java:44)
	at org.openqa.selenium.support.ui.ExpectedConditions$7.apply(ExpectedConditions.java:206)
	at org.openqa.selenium.support.ui.ExpectedConditions$7.apply(ExpectedConditions.java:202)
	at org.openqa.selenium.support.ui.ExpectedConditions$22.apply(ExpectedConditions.java:644)
	at org.openqa.selenium.support.ui.ExpectedConditions$22.apply(ExpectedConditions.java:641)
	at org.openqa.selenium.support.ui.FluentWait.until(FluentWait.java:209)
	... 27 more
]]>
            </full-stacktrace>
          </exception> <!-- org.openqa.selenium.TimeoutException -->
          <reporter-output>
          </reporter-output>
        </test-method> <!-- EndtoEndOrder -->
        <test-method status="PASS" signature="Teardown2()[pri:0, instance:Testscript.StandardOrderOnnet@58651fd0]" name="Teardown2" is-config="true" duration-ms="0" started-at="2019-06-23T21:29:31Z" finished-at="2019-06-23T21:29:31Z">
          <reporter-output>
          </reporter-output>
        </test-method> <!-- Teardown2 -->
        <test-method status="PASS" signature="Teardown()[pri:0, instance:Testscript.StandardOrderOnnet@58651fd0]" name="Teardown" is-config="true" duration-ms="0" started-at="2019-06-23T21:29:31Z" finished-at="2019-06-23T21:29:31Z">
          <reporter-output>
          </reporter-output>
        </test-method> <!-- Teardown -->
      </class> <!-- Testscript.StandardOrderOnnet -->
    </test> <!-- CPQ End to End Order -->
  </suite> <!-- CPQ End to End Order -->
</testng-results>
